<?xml version="1.0" encoding="UTF-8"?>
<!-- Generated by org.testng.reporters.JUnitXMLReporter -->
<testsuite ignored="0" hostname="DESKTOP-OIRFGQC" failures="0" tests="5" name="Default test" time="31.056" errors="0" timestamp="2024-02-16T17:54:17 EST">
  <testcase classname="tests.LoginTest" name="verifyLoginWithValidCredentials" time="2.013"/>
  <testcase classname="tests.LoginTest" name="verifyLoginWithInvalidCredentials" time="0.936"/>
  <testcase classname="tests.LoginTest" name="verifyLoginWithInvalidEmaiAndValidPassword" time="0.887"/>
  <testcase classname="tests.LoginTest" name="verifyLoginWithValidEmaiAndInvalidPassword" time="0.82"/>
  <testcase classname="tests.LoginTest" name="verifyLoginWithoutProvidingCredentials" time="0.507"/>
</testsuite> <!-- Default test -->
