<?xml version="1.0" encoding="UTF-8"?>
<testng-results ignored="0" total="5" passed="5" failed="0" skipped="0">
  <reporter-output>
  </reporter-output>
  <suite started-at="2024-02-16T17:53:46 EST" name="Default suite" finished-at="2024-02-16T17:54:17 EST" duration-ms="31056">
    <groups>
    </groups>
    <test started-at="2024-02-16T17:53:46 EST" name="Default test" finished-at="2024-02-16T17:54:17 EST" duration-ms="31056">
      <class name="tests.LoginTest">
        <test-method is-config="true" signature="setUp()[pri:0, instance:tests.LoginTest@4a83a74a]" started-at="2024-02-16T17:53:47 EST" name="setUp" finished-at="2024-02-16T17:53:52 EST" duration-ms="4902" status="PASS">
          <reporter-output>
          </reporter-output>
        </test-method> <!-- setUp -->
        <test-method signature="verifyLoginWithValidCredentials(java.lang.String,java.lang.String)[pri:0, instance:tests.LoginTest@4a83a74a]" started-at="2024-02-16T17:53:52 EST" name="verifyLoginWithValidCredentials" data-provider="loginGetData" finished-at="2024-02-16T17:53:54 EST" duration-ms="2013" status="PASS">
          <params>
            <param index="0">
              <value>
                <![CDATA[alexostr1978@yahoo.com]]>
              </value>
            </param>
            <param index="1">
              <value>
                <![CDATA[OAO_oao05]]>
              </value>
            </param>
          </params>
          <reporter-output>
          </reporter-output>
        </test-method> <!-- verifyLoginWithValidCredentials -->
        <test-method is-config="true" signature="tearDown()[pri:0, instance:tests.LoginTest@4a83a74a]" started-at="2024-02-16T17:53:54 EST" name="tearDown" finished-at="2024-02-16T17:53:54 EST" duration-ms="177" status="PASS">
          <reporter-output>
          </reporter-output>
        </test-method> <!-- tearDown -->
        <test-method is-config="true" signature="setUp()[pri:0, instance:tests.LoginTest@4a83a74a]" started-at="2024-02-16T17:53:54 EST" name="setUp" finished-at="2024-02-16T17:53:59 EST" duration-ms="4581" status="PASS">
          <reporter-output>
          </reporter-output>
        </test-method> <!-- setUp -->
        <test-method signature="verifyLoginWithInvalidCredentials(java.lang.String)[pri:1, instance:tests.LoginTest@4a83a74a]" started-at="2024-02-16T17:53:59 EST" name="verifyLoginWithInvalidCredentials" data-provider="loginGetInvalidData" finished-at="2024-02-16T17:54:00 EST" duration-ms="936" status="PASS">
          <params>
            <param index="0">
              <value>
                <![CDATA[77777.0]]>
              </value>
            </param>
          </params>
          <reporter-output>
          </reporter-output>
        </test-method> <!-- verifyLoginWithInvalidCredentials -->
        <test-method is-config="true" signature="tearDown()[pri:0, instance:tests.LoginTest@4a83a74a]" started-at="2024-02-16T17:54:00 EST" name="tearDown" finished-at="2024-02-16T17:54:00 EST" duration-ms="111" status="PASS">
          <reporter-output>
          </reporter-output>
        </test-method> <!-- tearDown -->
        <test-method is-config="true" signature="setUp()[pri:0, instance:tests.LoginTest@4a83a74a]" started-at="2024-02-16T17:54:00 EST" name="setUp" finished-at="2024-02-16T17:54:05 EST" duration-ms="5409" status="PASS">
          <reporter-output>
          </reporter-output>
        </test-method> <!-- setUp -->
        <test-method signature="verifyLoginWithInvalidEmaiAndValidPassword()[pri:2, instance:tests.LoginTest@4a83a74a]" started-at="2024-02-16T17:54:05 EST" name="verifyLoginWithInvalidEmaiAndValidPassword" finished-at="2024-02-16T17:54:06 EST" duration-ms="887" status="PASS">
          <reporter-output>
          </reporter-output>
        </test-method> <!-- verifyLoginWithInvalidEmaiAndValidPassword -->
        <test-method is-config="true" signature="tearDown()[pri:0, instance:tests.LoginTest@4a83a74a]" started-at="2024-02-16T17:54:06 EST" name="tearDown" finished-at="2024-02-16T17:54:06 EST" duration-ms="188" status="PASS">
          <reporter-output>
          </reporter-output>
        </test-method> <!-- tearDown -->
        <test-method is-config="true" signature="setUp()[pri:0, instance:tests.LoginTest@4a83a74a]" started-at="2024-02-16T17:54:06 EST" name="setUp" finished-at="2024-02-16T17:54:11 EST" duration-ms="4501" status="PASS">
          <reporter-output>
          </reporter-output>
        </test-method> <!-- setUp -->
        <test-method signature="verifyLoginWithValidEmaiAndInvalidPassword(java.lang.String)[pri:3, instance:tests.LoginTest@4a83a74a]" started-at="2024-02-16T17:54:11 EST" name="verifyLoginWithValidEmaiAndInvalidPassword" data-provider="loginGetInvalidData" finished-at="2024-02-16T17:54:12 EST" duration-ms="820" status="PASS">
          <params>
            <param index="0">
              <value>
                <![CDATA[77777.0]]>
              </value>
            </param>
          </params>
          <reporter-output>
          </reporter-output>
        </test-method> <!-- verifyLoginWithValidEmaiAndInvalidPassword -->
        <test-method is-config="true" signature="tearDown()[pri:0, instance:tests.LoginTest@4a83a74a]" started-at="2024-02-16T17:54:12 EST" name="tearDown" finished-at="2024-02-16T17:54:12 EST" duration-ms="208" status="PASS">
          <reporter-output>
          </reporter-output>
        </test-method> <!-- tearDown -->
        <test-method is-config="true" signature="setUp()[pri:0, instance:tests.LoginTest@4a83a74a]" started-at="2024-02-16T17:54:12 EST" name="setUp" finished-at="2024-02-16T17:54:16 EST" duration-ms="4663" status="PASS">
          <reporter-output>
          </reporter-output>
        </test-method> <!-- setUp -->
        <test-method signature="verifyLoginWithoutProvidingCredentials()[pri:4, instance:tests.LoginTest@4a83a74a]" started-at="2024-02-16T17:54:16 EST" name="verifyLoginWithoutProvidingCredentials" finished-at="2024-02-16T17:54:17 EST" duration-ms="507" status="PASS">
          <reporter-output>
          </reporter-output>
        </test-method> <!-- verifyLoginWithoutProvidingCredentials -->
        <test-method is-config="true" signature="tearDown()[pri:0, instance:tests.LoginTest@4a83a74a]" started-at="2024-02-16T17:54:17 EST" name="tearDown" finished-at="2024-02-16T17:54:17 EST" duration-ms="158" status="PASS">
          <reporter-output>
          </reporter-output>
        </test-method> <!-- tearDown -->
      </class> <!-- tests.LoginTest -->
    </test> <!-- Default test -->
  </suite> <!-- Default suite -->
</testng-results>
