<?xml version="1.0" encoding="UTF-8"?>
<!-- Generated by org.testng.reporters.JUnitXMLReporter -->
<testsuite ignored="0" hostname="DESKTOP-OIRFGQC" failures="0" tests="5" name="Login to  Account" time="39.303" errors="0" timestamp="2024-02-16T13:31:33 EST">
  <testcase classname="tests.LoginTest" name="verifyLoginWithValidCredentials" time="1.187"/>
  <testcase classname="tests.LoginTest" name="verifyLoginWithInvalidCredentials" time="0.964"/>
  <testcase classname="tests.LoginTest" name="verifyLoginWithInvalidEmaiAndValidPassword" time="0.929"/>
  <testcase classname="tests.LoginTest" name="verifyLoginWithValidEmaiAndInvalidPassword" time="0.856"/>
  <testcase classname="tests.LoginTest" name="verifyLoginWithoutProvidingCredentials" time="1.002"/>
</testsuite> <!-- Login to  Account -->
