<?xml version="1.0" encoding="UTF-8"?>
<!-- Generated by org.testng.reporters.JUnitXMLReporter -->
<testsuite ignored="0" hostname="DESKTOP-OIRFGQC" failures="0" tests="12" name="Ninjia Test Cases" time="87.85" errors="0" timestamp="2024-02-15T11:27:34 EST">
  <testcase classname="tests.Login" name="verifyLoginWithValidCredentials" time="1.256"/>
  <testcase classname="tests.Login" name="verifyLoginWithInvalidCredentials" time="1.005"/>
  <testcase classname="tests.Login" name="verifyLoginWithInvalidEmaiAndValidPassword" time="0.926"/>
  <testcase classname="tests.Login" name="verifyLoginWithValidEmaiAndInvalidPassword" time="0.843"/>
  <testcase classname="tests.Login" name="verifyLoginWithoutProvidingCredentials" time="0.601"/>
  <testcase classname="tests.Register" name="verifyRegisterWithMandatoryFields" time="1.714"/>
  <testcase classname="tests.Register" name="verifyRegisterWithAllFields" time="1.78"/>
  <testcase classname="tests.Register" name="verifyRegisterWithExistingEmail" time="1.299"/>
  <testcase classname="tests.Register" name="verifyRegisterWithoutFillAnyDetails" time="0.549"/>
  <testcase classname="tests.Search" name="verifySearchWithValidProduct" time="0.845"/>
  <testcase classname="tests.Search" name="verifySearchWithInValidProduct" time="0.608"/>
  <testcase classname="tests.Search" name="verifySearchWithoutAnyProduct" time="0.523"/>
</testsuite> <!-- Ninjia Test Cases -->
