<?xml version="1.0" encoding="UTF-8"?>
<!-- Generated by org.testng.reporters.JUnitXMLReporter -->
<testsuite ignored="0" hostname="DESKTOP-OIRFGQC" failures="0" tests="4" name="Register new Account" time="27.43" errors="0" timestamp="2024-02-16T13:32:01 EST">
  <testcase classname="tests.RegisterTest" name="verifyRegisterWithMandatoryFields" time="1.756"/>
  <testcase classname="tests.RegisterTest" name="verifyRegisterWithAllFields" time="1.565"/>
  <testcase classname="tests.RegisterTest" name="verifyRegisterWithExistingEmail" time="1.276"/>
  <testcase classname="tests.RegisterTest" name="verifyRegisterWithoutFillAnyDetails" time="0.555"/>
</testsuite> <!-- Register new Account -->
