<?xml version="1.0" encoding="UTF-8"?>
<!-- Generated by org.testng.reporters.JUnitXMLReporter -->
<testsuite ignored="0" hostname="DESKTOP-OIRFGQC" failures="0" tests="3" name="Search product" time="19.266" errors="0" timestamp="2024-02-16T13:32:20 EST">
  <testcase classname="tests.SearchTest" name="verifySearchWithValidProduct" time="0.813"/>
  <testcase classname="tests.SearchTest" name="verifySearchWithInValidProduct" time="1.773"/>
  <testcase classname="tests.SearchTest" name="verifySearchWithoutAnyProduct" time="0.467"/>
</testsuite> <!-- Search product -->
